  [1m[35m (69.2ms)[0m  [1m[35mCREATE DATABASE "code_challenge_development" ENCODING = 'unicode'[0m
  [1m[35m (97.0ms)[0m  [1m[35mCREATE DATABASE "code_challenge_test" ENCODING = 'unicode'[0m
  [1m[35m (17.5ms)[0m  [1m[35mCREATE TABLE "schema_migrations" ("version" character varying NOT NULL PRIMARY KEY)[0m
  [1m[35m (7.8ms)[0m  [1m[35mCREATE TABLE "ar_internal_metadata" ("key" character varying NOT NULL PRIMARY KEY, "value" character varying, "created_at" timestamp(6) NOT NULL, "updated_at" timestamp(6) NOT NULL)[0m
  [1m[35m (0.3ms)[0m  [1m[34mSELECT pg_try_advisory_lock(5156643688527386475)[0m
  [1m[35m (0.3ms)[0m  [1m[34mSELECT "schema_migrations"."version" FROM "schema_migrations" ORDER BY "schema_migrations"."version" ASC[0m
  [1m[36mActiveRecord::InternalMetadata Load (0.3ms)[0m  [1m[34mSELECT "ar_internal_metadata".* FROM "ar_internal_metadata" WHERE "ar_internal_metadata"."key" = $1 LIMIT $2[0m  [["key", "environment"], ["LIMIT", 1]]
  [1m[36mTRANSACTION (0.1ms)[0m  [1m[35mBEGIN[0m
  [1m[36mActiveRecord::InternalMetadata Create (0.3ms)[0m  [1m[32mINSERT INTO "ar_internal_metadata" ("key", "value", "created_at", "updated_at") VALUES ($1, $2, $3, $4) RETURNING "key"[0m  [["key", "environment"], ["value", "development"], ["created_at", "2021-09-01 01:16:26.736789"], ["updated_at", "2021-09-01 01:16:26.736789"]]
  [1m[36mTRANSACTION (0.8ms)[0m  [1m[35mCOMMIT[0m
  [1m[35m (0.3ms)[0m  [1m[34mSELECT pg_advisory_unlock(5156643688527386475)[0m
  [1m[35m (0.6ms)[0m  [1m[34mSELECT "schema_migrations"."version" FROM "schema_migrations" ORDER BY "schema_migrations"."version" ASC[0m
Started GET "/" for 172.17.0.1 at 2021-09-01 01:16:46 +0000
  [1m[35m (1.5ms)[0m  [1m[34mSELECT "schema_migrations"."version" FROM "schema_migrations" ORDER BY "schema_migrations"."version" ASC[0m
Processing by Api::V1::DnsRecordsController#index as HTML
Completed 204 No Content in 13ms (ActiveRecord: 0.0ms | Allocations: 2874)


Started GET "/api/v1/dns_records" for 172.17.0.1 at 2021-09-01 01:16:59 +0000
Processing by Api::V1::DnsRecordsController#index as JSON
Completed 204 No Content in 0ms (ActiveRecord: 0.0ms | Allocations: 30)


Started POST "/api/v1/dns_records" for 172.17.0.1 at 2021-09-01 01:18:28 +0000
Processing by Api::V1::DnsRecordsController#create as JSON
  Parameters: {"dns_records"=>{"ip"=>"1.1.1.1", "hostnames_attributes"=>[{"hostname"=>"lorem.com"}, {"hostname"=>"ipsum.com"}, {"hostname"=>"dolor.com"}, {"hostname"=>"amet.com"}]}, "dns_record"=>{"dns_records"=>{"ip"=>"1.1.1.1", "hostnames_attributes"=>[{"hostname"=>"lorem.com"}, {"hostname"=>"ipsum.com"}, {"hostname"=>"dolor.com"}, {"hostname"=>"amet.com"}]}}}
Completed 204 No Content in 1ms (ActiveRecord: 0.0ms | Allocations: 29)


Started GET "/api/v1/dns_records" for 172.17.0.1 at 2021-09-01 01:18:58 +0000
Processing by Api::V1::DnsRecordsController#index as JSON
  Parameters: {"token"=>"TYbyFcbS97mCGjw6JRmYR6fOaW4VlwtF", "department_id"=>7042, "customer"=>{"name"=>"test04", "phone"=>"555112233", "external_id"=>"test04"}, "content"=>"your text here", "content_type"=>"text", "media_type"=>"whatsapp", "dns_record"=>{"token"=>"TYbyFcbS97mCGjw6JRmYR6fOaW4VlwtF", "department_id"=>7042, "customer"=>{"name"=>"test04", "phone"=>"555112233", "external_id"=>"test04"}, "content"=>"your text here", "content_type"=>"text", "media_type"=>"whatsapp"}}
Completed 204 No Content in 1ms (ActiveRecord: 0.0ms | Allocations: 26)


  [1m[35m (75.1ms)[0m  [1m[35mCREATE DATABASE "code_challenge_development" ENCODING = 'unicode'[0m
  [1m[35m (76.2ms)[0m  [1m[35mCREATE DATABASE "code_challenge_test" ENCODING = 'unicode'[0m
  [1m[35m (7.3ms)[0m  [1m[35mCREATE TABLE "schema_migrations" ("version" character varying NOT NULL PRIMARY KEY)[0m
  [1m[35m (7.5ms)[0m  [1m[35mCREATE TABLE "ar_internal_metadata" ("key" character varying NOT NULL PRIMARY KEY, "value" character varying, "created_at" timestamp(6) NOT NULL, "updated_at" timestamp(6) NOT NULL)[0m
  [1m[35m (0.2ms)[0m  [1m[34mSELECT pg_try_advisory_lock(5156643688527386475)[0m
  [1m[35m (0.3ms)[0m  [1m[34mSELECT "schema_migrations"."version" FROM "schema_migrations" ORDER BY "schema_migrations"."version" ASC[0m
  [1m[36mActiveRecord::InternalMetadata Load (0.2ms)[0m  [1m[34mSELECT "ar_internal_metadata".* FROM "ar_internal_metadata" WHERE "ar_internal_metadata"."key" = $1 LIMIT $2[0m  [["key", "environment"], ["LIMIT", 1]]
  [1m[36mTRANSACTION (0.2ms)[0m  [1m[35mBEGIN[0m
  [1m[36mActiveRecord::InternalMetadata Create (0.4ms)[0m  [1m[32mINSERT INTO "ar_internal_metadata" ("key", "value", "created_at", "updated_at") VALUES ($1, $2, $3, $4) RETURNING "key"[0m  [["key", "environment"], ["value", "development"], ["created_at", "2021-09-01 01:35:32.322575"], ["updated_at", "2021-09-01 01:35:32.322575"]]
  [1m[36mTRANSACTION (1.0ms)[0m  [1m[35mCOMMIT[0m
  [1m[35m (0.2ms)[0m  [1m[34mSELECT pg_advisory_unlock(5156643688527386475)[0m
  [1m[35m (0.6ms)[0m  [1m[34mSELECT "schema_migrations"."version" FROM "schema_migrations" ORDER BY "schema_migrations"."version" ASC[0m
